# JRE version: Java(TM) SE Runtime Environment (8.0_66-b18) (build 1.8.0_66-b18)
# Java VM: Java HotSpot(TM) 64-Bit Server VM (25.66-b18 mixed mode windows-amd64 compressed oops)
Heap:
 PSYoungGen      total 86016K, used 58607K [0x00000000f5580000, 0x00000000fb700000, 0x0000000100000000)
  eden space 85504K, 68% used [0x00000000f5580000,0x00000000f8ebbe88,0x00000000fa900000)
  from space 512K, 0% used [0x00000000fa900000,0x00000000fa900000,0x00000000fa980000)
  to   space 7168K, 0% used [0x00000000fb000000,0x00000000fb000000,0x00000000fb700000)
 ParOldGen       total 118784K, used 46391K [0x00000000e0000000, 0x00000000e7400000, 0x00000000f5580000)
  object space 118784K, 39% used [0x00000000e0000000,0x00000000e2d4ddd0,0x00000000e7400000)
 Metaspace       used 86627K, capacity 93834K, committed 93972K, reserved 1130496K
  class space    used 10217K, capacity 12537K, committed 12604K, reserved 1048576K
GC Heap History (10 events):
Event: 2705.284 GC heap before
{Heap before GC invocations=75 (full 32):
 PSYoungGen      total 86016K, used 192K [0x00000000f5580000, 0x00000000fb900000, 0x0000000100000000)
  eden space 85504K, 0% used [0x00000000f5580000,0x00000000f5580000,0x00000000fa900000)
  from space 512K, 37% used [0x00000000fa900000,0x00000000fa930000,0x00000000fa980000)
  to   space 8192K, 0% used [0x00000000fb100000,0x00000000fb100000,0x00000000fb900000)
 ParOldGen       total 118784K, used 47824K [0x00000000e0000000, 0x00000000e7400000, 0x00000000f5580000)
  object space 118784K, 40% used [0x00000000e0000000,0x00000000e2eb4200,0x00000000e7400000)
 Metaspace       used 85569K, capacity 92926K, committed 93076K, reserved 1130496K
  class space    used 10102K, capacity 12381K, committed 12476K, reserved 1048576K
Event: 2705.463 GC heap after
Heap after GC invocations=75 (full 32):
 PSYoungGen      total 86016K, used 0K [0x00000000f5580000, 0x00000000fb900000, 0x0000000100000000)
  eden space 85504K, 0% used [0x00000000f5580000,0x00000000f5580000,0x00000000fa900000)
  from space 512K, 0% used [0x00000000fa900000,0x00000000fa900000,0x00000000fa980000)
  to   space 8192K, 0% used [0x00000000fb100000,0x00000000fb100000,0x00000000fb900000)
 ParOldGen       total 118784K, used 47731K [0x00000000e0000000, 0x00000000e7400000, 0x00000000f5580000)
  object space 118784K, 40% used [0x00000000e0000000,0x00000000e2e9cd88,0x00000000e7400000)
 Metaspace       used 85569K, capacity 92926K, committed 93076K, reserved 1130496K
  class space    used 10102K, capacity 12381K, committed 12476K, reserved 1048576K
}
Event: 2765.278 GC heap before
{Heap before GC invocations=76 (full 32):
 PSYoungGen      total 86016K, used 2041K [0x00000000f5580000, 0x00000000fb900000, 0x0000000100000000)
  eden space 85504K, 2% used [0x00000000f5580000,0x00000000f577e530,0x00000000fa900000)
  from space 512K, 0% used [0x00000000fa900000,0x00000000fa900000,0x00000000fa980000)
  to   space 8192K, 0% used [0x00000000fb100000,0x00000000fb100000,0x00000000fb900000)
 ParOldGen       total 118784K, used 47731K [0x00000000e0000000, 0x00000000e7400000, 0x00000000f5580000)
  object space 118784K, 40% used [0x00000000e0000000,0x00000000e2e9cd88,0x00000000e7400000)
 Metaspace       used 85569K, capacity 92926K, committed 93076K, reserved 1130496K
  class space    used 10102K, capacity 12381K, committed 12476K, reserved 1048576K
Event: 2765.284 GC heap after
Heap after GC invocations=76 (full 32):
 PSYoungGen      total 92672K, used 160K [0x00000000f5580000, 0x00000000fb800000, 0x0000000100000000)
  eden space 85504K, 0% used [0x00000000f5580000,0x00000000f5580000,0x00000000fa900000)
  from space 7168K, 2% used [0x00000000fb100000,0x00000000fb128000,0x00000000fb800000)
  to   space 7680K, 0% used [0x00000000fa900000,0x00000000fa900000,0x00000000fb080000)
 ParOldGen       total 118784K, used 47731K [0x00000000e0000000, 0x00000000e7400000, 0x00000000f5580000)
  object space 118784K, 40% used [0x00000000e0000000,0x00000000e2e9cd88,0x00000000e7400000)
 Metaspace       used 85569K, capacity 92926K, committed 93076K, reserved 1130496K
  class space    used 10102K, capacity 12381K, committed 12476K, reserved 1048576K
}
Event: 2765.284 GC heap before
{Heap before GC invocations=77 (full 33):
 PSYoungGen      total 92672K, used 160K [0x00000000f5580000, 0x00000000fb800000, 0x0000000100000000)
  eden space 85504K, 0% used [0x00000000f5580000,0x00000000f5580000,0x00000000fa900000)
  from space 7168K, 2% used [0x00000000fb100000,0x00000000fb128000,0x00000000fb800000)
  to   space 7680K, 0% used [0x00000000fa900000,0x00000000fa900000,0x00000000fb080000)
 ParOldGen       total 118784K, used 47731K [0x00000000e0000000, 0x00000000e7400000, 0x00000000f5580000)
  object space 118784K, 40% used [0x00000000e0000000,0x00000000e2e9cd88,0x00000000e7400000)
 Metaspace       used 85569K, capacity 92926K, committed 93076K, reserved 1130496K
  class space    used 10102K, capacity 12381K, committed 12476K, reserved 1048576K
Event: 2765.434 GC heap after
Heap after GC invocations=77 (full 33):
 PSYoungGen      total 92672K, used 0K [0x00000000f5580000, 0x00000000fb800000, 0x0000000100000000)
  eden space 85504K, 0% used [0x00000000f5580000,0x00000000f5580000,0x00000000fa900000)
  from space 7168K, 0% used [0x00000000fb100000,0x00000000fb100000,0x00000000fb800000)
  to   space 7680K, 0% used [0x00000000fa900000,0x00000000fa900000,0x00000000fb080000)
 ParOldGen       total 118784K, used 47729K [0x00000000e0000000, 0x00000000e7400000, 0x00000000f5580000)
  object space 118784K, 40% used [0x00000000e0000000,0x00000000e2e9c418,0x00000000e7400000)
 Metaspace       used 85569K, capacity 92926K, committed 93076K, reserved 1130496K
  class space    used 10102K, capacity 12381K, committed 12476K, reserved 1048576K
}
Event: 3367.106 GC heap before
{Heap before GC invocations=78 (full 33):
 PSYoungGen      total 92672K, used 6926K [0x00000000f5580000, 0x00000000fb800000, 0x0000000100000000)
  eden space 85504K, 8% used [0x00000000f5580000,0x00000000f5c439b0,0x00000000fa900000)
  from space 7168K, 0% used [0x00000000fb100000,0x00000000fb100000,0x00000000fb800000)
  to   space 7680K, 0% used [0x00000000fa900000,0x00000000fa900000,0x00000000fb080000)
 ParOldGen       total 118784K, used 47729K [0x00000000e0000000, 0x00000000e7400000, 0x00000000f5580000)
  object space 118784K, 40% used [0x00000000e0000000,0x00000000e2e9c418,0x00000000e7400000)
 Metaspace       used 85592K, capacity 92990K, committed 93332K, reserved 1130496K
  class space    used 10102K, capacity 12381K, committed 12476K, reserved 1048576K
Event: 3367.110 GC heap after
Heap after GC invocations=78 (full 33):
 PSYoungGen      total 86016K, used 480K [0x00000000f5580000, 0x00000000fb700000, 0x0000000100000000)
  eden space 85504K, 0% used [0x00000000f5580000,0x00000000f5580000,0x00000000fa900000)
  from space 512K, 93% used [0x00000000fa900000,0x00000000fa978000,0x00000000fa980000)
  to   space 7168K, 0% used [0x00000000fb000000,0x00000000fb000000,0x00000000fb700000)
 ParOldGen       total 118784K, used 47737K [0x00000000e0000000, 0x00000000e7400000, 0x00000000f5580000)
  object space 118784K, 40% used [0x00000000e0000000,0x00000000e2e9e418,0x00000000e7400000)
 Metaspace       used 85592K, capacity 92990K, committed 93332K, reserved 1130496K
  class space    used 10102K, capacity 12381K, committed 12476K, reserved 1048576K
}
Event: 3367.110 GC heap before
{Heap before GC invocations=79 (full 34):
 PSYoungGen      total 86016K, used 480K [0x00000000f5580000, 0x00000000fb700000, 0x0000000100000000)
  eden space 85504K, 0% used [0x00000000f5580000,0x00000000f5580000,0x00000000fa900000)
  from space 512K, 93% used [0x00000000fa900000,0x00000000fa978000,0x00000000fa980000)
  to   space 7168K, 0% used [0x00000000fb000000,0x00000000fb000000,0x00000000fb700000)
 ParOldGen       total 118784K, used 47737K [0x00000000e0000000, 0x00000000e7400000, 0x00000000f5580000)
  object space 118784K, 40% used [0x00000000e0000000,0x00000000e2e9e418,0x00000000e7400000)
 Metaspace       used 85592K, capacity 92990K, committed 93332K, reserved 1130496K
  class space    used 10102K, capacity 12381K, committed 12476K, reserved 1048576K
Event: 3367.255 GC heap after
Heap after GC invocations=79 (full 34):
 PSYoungGen      total 86016K, used 0K [0x00000000f5580000, 0x00000000fb700000, 0x0000000100000000)
  eden space 85504K, 0% used [0x00000000f5580000,0x00000000f5580000,0x00000000fa900000)
  from space 512K, 0% used [0x00000000fa900000,0x00000000fa900000,0x00000000fa980000)
  to   space 7168K, 0% used [0x00000000fb000000,0x00000000fb000000,0x00000000fb700000)
 ParOldGen       total 118784K, used 46391K [0x00000000e0000000, 0x00000000e7400000, 0x00000000f5580000)
  object space 118784K, 39% used [0x00000000e0000000,0x00000000e2d4ddd0,0x00000000e7400000)
 Metaspace       used 85577K, capacity 92966K, committed 93332K, reserved 1130496K
  class space    used 10099K, capacity 12377K, committed 12476K, reserved 1048576K
}

