# JRE version: Java(TM) SE Runtime Environment (8.0_66-b18) (build 1.8.0_66-b18)
# Java VM: Java HotSpot(TM) 64-Bit Server VM (25.66-b18 mixed mode windows-amd64 compressed oops)
Heap:
 PSYoungGen      total 99328K, used 40600K [0x00000000f5580000, 0x00000000fb800000, 0x0000000100000000)
  eden space 98816K, 41% used [0x00000000f5580000,0x00000000f7d26180,0x00000000fb600000)
  from space 512K, 0% used [0x00000000fb680000,0x00000000fb680000,0x00000000fb700000)
  to   space 1024K, 0% used [0x00000000fb700000,0x00000000fb700000,0x00000000fb800000)
 ParOldGen       total 113664K, used 54214K [0x00000000e0000000, 0x00000000e6f00000, 0x00000000f5580000)
  object space 113664K, 47% used [0x00000000e0000000,0x00000000e34f1990,0x00000000e6f00000)
 Metaspace       used 97520K, capacity 104912K, committed 105264K, reserved 1140736K
  class space    used 11303K, capacity 13748K, committed 13872K, reserved 1048576K
GC Heap History (10 events):
Event: 9198.134 GC heap before
{Heap before GC invocations=326 (full 153):
 PSYoungGen      total 99840K, used 160K [0x00000000f5580000, 0x00000000fb800000, 0x0000000100000000)
  eden space 98816K, 0% used [0x00000000f5580000,0x00000000f5580000,0x00000000fb600000)
  from space 1024K, 15% used [0x00000000fb600000,0x00000000fb628000,0x00000000fb700000)
  to   space 1024K, 0% used [0x00000000fb700000,0x00000000fb700000,0x00000000fb800000)
 ParOldGen       total 113664K, used 54068K [0x00000000e0000000, 0x00000000e6f00000, 0x00000000f5580000)
  object space 113664K, 47% used [0x00000000e0000000,0x00000000e34cd1d8,0x00000000e6f00000)
 Metaspace       used 96766K, capacity 104280K, committed 104496K, reserved 1140736K
  class space    used 11221K, capacity 13583K, committed 13616K, reserved 1048576K
Event: 9198.292 GC heap after
Heap after GC invocations=326 (full 153):
 PSYoungGen      total 99840K, used 0K [0x00000000f5580000, 0x00000000fb800000, 0x0000000100000000)
  eden space 98816K, 0% used [0x00000000f5580000,0x00000000f5580000,0x00000000fb600000)
  from space 1024K, 0% used [0x00000000fb600000,0x00000000fb600000,0x00000000fb700000)
  to   space 1024K, 0% used [0x00000000fb700000,0x00000000fb700000,0x00000000fb800000)
 ParOldGen       total 113664K, used 54068K [0x00000000e0000000, 0x00000000e6f00000, 0x00000000f5580000)
  object space 113664K, 47% used [0x00000000e0000000,0x00000000e34cd1d8,0x00000000e6f00000)
 Metaspace       used 96766K, capacity 104280K, committed 104496K, reserved 1140736K
  class space    used 11221K, capacity 13583K, committed 13616K, reserved 1048576K
}
Event: 9258.135 GC heap before
{Heap before GC invocations=327 (full 153):
 PSYoungGen      total 99840K, used 2401K [0x00000000f5580000, 0x00000000fb800000, 0x0000000100000000)
  eden space 98816K, 2% used [0x00000000f5580000,0x00000000f57d86a8,0x00000000fb600000)
  from space 1024K, 0% used [0x00000000fb600000,0x00000000fb600000,0x00000000fb700000)
  to   space 1024K, 0% used [0x00000000fb700000,0x00000000fb700000,0x00000000fb800000)
 ParOldGen       total 113664K, used 54068K [0x00000000e0000000, 0x00000000e6f00000, 0x00000000f5580000)
  object space 113664K, 47% used [0x00000000e0000000,0x00000000e34cd1d8,0x00000000e6f00000)
 Metaspace       used 96766K, capacity 104280K, committed 104496K, reserved 1140736K
  class space    used 11221K, capacity 13583K, committed 13616K, reserved 1048576K
Event: 9258.139 GC heap after
Heap after GC invocations=327 (full 153):
 PSYoungGen      total 99328K, used 128K [0x00000000f5580000, 0x00000000fb780000, 0x0000000100000000)
  eden space 98816K, 0% used [0x00000000f5580000,0x00000000f5580000,0x00000000fb600000)
  from space 512K, 25% used [0x00000000fb700000,0x00000000fb720000,0x00000000fb780000)
  to   space 512K, 0% used [0x00000000fb680000,0x00000000fb680000,0x00000000fb700000)
 ParOldGen       total 113664K, used 54068K [0x00000000e0000000, 0x00000000e6f00000, 0x00000000f5580000)
  object space 113664K, 47% used [0x00000000e0000000,0x00000000e34cd1d8,0x00000000e6f00000)
 Metaspace       used 96766K, capacity 104280K, committed 104496K, reserved 1140736K
  class space    used 11221K, capacity 13583K, committed 13616K, reserved 1048576K
}
Event: 9258.139 GC heap before
{Heap before GC invocations=328 (full 154):
 PSYoungGen      total 99328K, used 128K [0x00000000f5580000, 0x00000000fb780000, 0x0000000100000000)
  eden space 98816K, 0% used [0x00000000f5580000,0x00000000f5580000,0x00000000fb600000)
  from space 512K, 25% used [0x00000000fb700000,0x00000000fb720000,0x00000000fb780000)
  to   space 512K, 0% used [0x00000000fb680000,0x00000000fb680000,0x00000000fb700000)
 ParOldGen       total 113664K, used 54068K [0x00000000e0000000, 0x00000000e6f00000, 0x00000000f5580000)
  object space 113664K, 47% used [0x00000000e0000000,0x00000000e34cd1d8,0x00000000e6f00000)
 Metaspace       used 96766K, capacity 104280K, committed 104496K, reserved 1140736K
  class space    used 11221K, capacity 13583K, committed 13616K, reserved 1048576K
Event: 9258.276 GC heap after
Heap after GC invocations=328 (full 154):
 PSYoungGen      total 99328K, used 0K [0x00000000f5580000, 0x00000000fb780000, 0x0000000100000000)
  eden space 98816K, 0% used [0x00000000f5580000,0x00000000f5580000,0x00000000fb600000)
  from space 512K, 0% used [0x00000000fb700000,0x00000000fb700000,0x00000000fb780000)
  to   space 512K, 0% used [0x00000000fb680000,0x00000000fb680000,0x00000000fb700000)
 ParOldGen       total 113664K, used 54068K [0x00000000e0000000, 0x00000000e6f00000, 0x00000000f5580000)
  object space 113664K, 47% used [0x00000000e0000000,0x00000000e34cd1d8,0x00000000e6f00000)
 Metaspace       used 96766K, capacity 104280K, committed 104496K, reserved 1140736K
  class space    used 11221K, capacity 13583K, committed 13616K, reserved 1048576K
}
Event: 9318.147 GC heap before
{Heap before GC invocations=329 (full 154):
 PSYoungGen      total 99328K, used 7260K [0x00000000f5580000, 0x00000000fb780000, 0x0000000100000000)
  eden space 98816K, 7% used [0x00000000f5580000,0x00000000f5c97208,0x00000000fb600000)
  from space 512K, 0% used [0x00000000fb700000,0x00000000fb700000,0x00000000fb780000)
  to   space 512K, 0% used [0x00000000fb680000,0x00000000fb680000,0x00000000fb700000)
 ParOldGen       total 113664K, used 54068K [0x00000000e0000000, 0x00000000e6f00000, 0x00000000f5580000)
  object space 113664K, 47% used [0x00000000e0000000,0x00000000e34cd1d8,0x00000000e6f00000)
 Metaspace       used 96766K, capacity 104280K, committed 104496K, reserved 1140736K
  class space    used 11221K, capacity 13583K, committed 13616K, reserved 1048576K
Event: 9318.155 GC heap after
Heap after GC invocations=329 (full 154):
 PSYoungGen      total 99328K, used 480K [0x00000000f5580000, 0x00000000fb800000, 0x0000000100000000)
  eden space 98816K, 0% used [0x00000000f5580000,0x00000000f5580000,0x00000000fb600000)
  from space 512K, 93% used [0x00000000fb680000,0x00000000fb6f8000,0x00000000fb700000)
  to   space 1024K, 0% used [0x00000000fb700000,0x00000000fb700000,0x00000000fb800000)
 ParOldGen       total 113664K, used 54068K [0x00000000e0000000, 0x00000000e6f00000, 0x00000000f5580000)
  object space 113664K, 47% used [0x00000000e0000000,0x00000000e34cd1d8,0x00000000e6f00000)
 Metaspace       used 96766K, capacity 104280K, committed 104496K, reserved 1140736K
  class space    used 11221K, capacity 13583K, committed 13616K, reserved 1048576K
}
Event: 9318.156 GC heap before
{Heap before GC invocations=330 (full 155):
 PSYoungGen      total 99328K, used 480K [0x00000000f5580000, 0x00000000fb800000, 0x0000000100000000)
  eden space 98816K, 0% used [0x00000000f5580000,0x00000000f5580000,0x00000000fb600000)
  from space 512K, 93% used [0x00000000fb680000,0x00000000fb6f8000,0x00000000fb700000)
  to   space 1024K, 0% used [0x00000000fb700000,0x00000000fb700000,0x00000000fb800000)
 ParOldGen       total 113664K, used 54068K [0x00000000e0000000, 0x00000000e6f00000, 0x00000000f5580000)
  object space 113664K, 47% used [0x00000000e0000000,0x00000000e34cd1d8,0x00000000e6f00000)
 Metaspace       used 96766K, capacity 104280K, committed 104496K, reserved 1140736K
  class space    used 11221K, capacity 13583K, committed 13616K, reserved 1048576K
Event: 9318.334 GC heap after
Heap after GC invocations=330 (full 155):
 PSYoungGen      total 99328K, used 0K [0x00000000f5580000, 0x00000000fb800000, 0x0000000100000000)
  eden space 98816K, 0% used [0x00000000f5580000,0x00000000f5580000,0x00000000fb600000)
  from space 512K, 0% used [0x00000000fb680000,0x00000000fb680000,0x00000000fb700000)
  to   space 1024K, 0% used [0x00000000fb700000,0x00000000fb700000,0x00000000fb800000)
 ParOldGen       total 113664K, used 54214K [0x00000000e0000000, 0x00000000e6f00000, 0x00000000f5580000)
  object space 113664K, 47% used [0x00000000e0000000,0x00000000e34f1990,0x00000000e6f00000)
 Metaspace       used 96766K, capacity 104280K, committed 104496K, reserved 1140736K
  class space    used 11221K, capacity 13583K, committed 13616K, reserved 1048576K
}

