# JRE version: Java(TM) SE Runtime Environment (8.0_66-b18) (build 1.8.0_66-b18)
# Java VM: Java HotSpot(TM) 64-Bit Server VM (25.66-b18 mixed mode windows-amd64 compressed oops)
Heap:
 PSYoungGen      total 153600K, used 62695K [0x00000000f5580000, 0x00000000ff880000, 0x0000000100000000)
  eden space 141312K, 44% used [0x00000000f5580000,0x00000000f92b9e78,0x00000000fdf80000)
  from space 12288K, 0% used [0x00000000fec80000,0x00000000fec80000,0x00000000ff880000)
  to   space 12800K, 0% used [0x00000000fdf80000,0x00000000fdf80000,0x00000000fec00000)
 ParOldGen       total 108032K, used 48826K [0x00000000e0000000, 0x00000000e6980000, 0x00000000f5580000)
  object space 108032K, 45% used [0x00000000e0000000,0x00000000e2fae8e8,0x00000000e6980000)
 Metaspace       used 92135K, capacity 99980K, committed 100184K, reserved 1136640K
  class space    used 10750K, capacity 13079K, committed 13144K, reserved 1048576K
GC Heap History (10 events):
Event: 1354.662 GC heap before
{Heap before GC invocations=56 (full 24):
 PSYoungGen      total 154112K, used 1735K [0x00000000f5580000, 0x00000000ffa80000, 0x0000000100000000)
  eden space 141312K, 0% used [0x00000000f5580000,0x00000000f5580000,0x00000000fdf80000)
  from space 12800K, 13% used [0x00000000fee00000,0x00000000fefb1c60,0x00000000ffa80000)
  to   space 13824K, 0% used [0x00000000fdf80000,0x00000000fdf80000,0x00000000fed00000)
 ParOldGen       total 108032K, used 50752K [0x00000000e0000000, 0x00000000e6980000, 0x00000000f5580000)
  object space 108032K, 46% used [0x00000000e0000000,0x00000000e31903a8,0x00000000e6980000)
 Metaspace       used 91048K, capacity 98684K, committed 98776K, reserved 1134592K
  class space    used 10634K, capacity 12949K, committed 13016K, reserved 1048576K
Event: 1354.878 GC heap after
Heap after GC invocations=56 (full 24):
 PSYoungGen      total 154112K, used 0K [0x00000000f5580000, 0x00000000ffa80000, 0x0000000100000000)
  eden space 141312K, 0% used [0x00000000f5580000,0x00000000f5580000,0x00000000fdf80000)
  from space 12800K, 0% used [0x00000000fee00000,0x00000000fee00000,0x00000000ffa80000)
  to   space 13824K, 0% used [0x00000000fdf80000,0x00000000fdf80000,0x00000000fed00000)
 ParOldGen       total 108032K, used 49916K [0x00000000e0000000, 0x00000000e6980000, 0x00000000f5580000)
  object space 108032K, 46% used [0x00000000e0000000,0x00000000e30bf2a0,0x00000000e6980000)
 Metaspace       used 91048K, capacity 98684K, committed 98776K, reserved 1134592K
  class space    used 10634K, capacity 12949K, committed 13016K, reserved 1048576K
}
Event: 1418.360 GC heap before
{Heap before GC invocations=57 (full 24):
 PSYoungGen      total 154112K, used 50825K [0x00000000f5580000, 0x00000000ffa80000, 0x0000000100000000)
  eden space 141312K, 35% used [0x00000000f5580000,0x00000000f8722640,0x00000000fdf80000)
  from space 12800K, 0% used [0x00000000fee00000,0x00000000fee00000,0x00000000ffa80000)
  to   space 13824K, 0% used [0x00000000fdf80000,0x00000000fdf80000,0x00000000fed00000)
 ParOldGen       total 108032K, used 49916K [0x00000000e0000000, 0x00000000e6980000, 0x00000000f5580000)
  object space 108032K, 46% used [0x00000000e0000000,0x00000000e30bf2a0,0x00000000e6980000)
 Metaspace       used 91127K, capacity 98940K, committed 99032K, reserved 1134592K
  class space    used 10634K, capacity 12949K, committed 13016K, reserved 1048576K
Event: 1418.369 GC heap after
Heap after GC invocations=57 (full 24):
 PSYoungGen      total 142336K, used 967K [0x00000000f5580000, 0x00000000ff980000, 0x0000000100000000)
  eden space 141312K, 0% used [0x00000000f5580000,0x00000000f5580000,0x00000000fdf80000)
  from space 1024K, 94% used [0x00000000fdf80000,0x00000000fe071c60,0x00000000fe080000)
  to   space 13312K, 0% used [0x00000000fec80000,0x00000000fec80000,0x00000000ff980000)
 ParOldGen       total 108032K, used 49924K [0x00000000e0000000, 0x00000000e6980000, 0x00000000f5580000)
  object space 108032K, 46% used [0x00000000e0000000,0x00000000e30c12a0,0x00000000e6980000)
 Metaspace       used 91127K, capacity 98940K, committed 99032K, reserved 1134592K
  class space    used 10634K, capacity 12949K, committed 13016K, reserved 1048576K
}
Event: 1418.370 GC heap before
{Heap before GC invocations=58 (full 25):
 PSYoungGen      total 142336K, used 967K [0x00000000f5580000, 0x00000000ff980000, 0x0000000100000000)
  eden space 141312K, 0% used [0x00000000f5580000,0x00000000f5580000,0x00000000fdf80000)
  from space 1024K, 94% used [0x00000000fdf80000,0x00000000fe071c60,0x00000000fe080000)
  to   space 13312K, 0% used [0x00000000fec80000,0x00000000fec80000,0x00000000ff980000)
 ParOldGen       total 108032K, used 49924K [0x00000000e0000000, 0x00000000e6980000, 0x00000000f5580000)
  object space 108032K, 46% used [0x00000000e0000000,0x00000000e30c12a0,0x00000000e6980000)
 Metaspace       used 91127K, capacity 98940K, committed 99032K, reserved 1134592K
  class space    used 10634K, capacity 12949K, committed 13016K, reserved 1048576K
Event: 1418.584 GC heap after
Heap after GC invocations=58 (full 25):
 PSYoungGen      total 142336K, used 0K [0x00000000f5580000, 0x00000000ff980000, 0x0000000100000000)
  eden space 141312K, 0% used [0x00000000f5580000,0x00000000f5580000,0x00000000fdf80000)
  from space 1024K, 0% used [0x00000000fdf80000,0x00000000fdf80000,0x00000000fe080000)
  to   space 13312K, 0% used [0x00000000fec80000,0x00000000fec80000,0x00000000ff980000)
 ParOldGen       total 108032K, used 49352K [0x00000000e0000000, 0x00000000e6980000, 0x00000000f5580000)
  object space 108032K, 45% used [0x00000000e0000000,0x00000000e3032020,0x00000000e6980000)
 Metaspace       used 91127K, capacity 98940K, committed 99032K, reserved 1134592K
  class space    used 10634K, capacity 12949K, committed 13016K, reserved 1048576K
}
Event: 1478.372 GC heap before
{Heap before GC invocations=59 (full 25):
 PSYoungGen      total 142336K, used 2763K [0x00000000f5580000, 0x00000000ff980000, 0x0000000100000000)
  eden space 141312K, 1% used [0x00000000f5580000,0x00000000f5832e20,0x00000000fdf80000)
  from space 1024K, 0% used [0x00000000fdf80000,0x00000000fdf80000,0x00000000fe080000)
  to   space 13312K, 0% used [0x00000000fec80000,0x00000000fec80000,0x00000000ff980000)
 ParOldGen       total 108032K, used 49352K [0x00000000e0000000, 0x00000000e6980000, 0x00000000f5580000)
  object space 108032K, 45% used [0x00000000e0000000,0x00000000e3032020,0x00000000e6980000)
 Metaspace       used 91129K, capacity 98940K, committed 99032K, reserved 1134592K
  class space    used 10634K, capacity 12949K, committed 13016K, reserved 1048576K
Event: 1478.378 GC heap after
Heap after GC invocations=59 (full 25):
 PSYoungGen      total 153600K, used 224K [0x00000000f5580000, 0x00000000ff880000, 0x0000000100000000)
  eden space 141312K, 0% used [0x00000000f5580000,0x00000000f5580000,0x00000000fdf80000)
  from space 12288K, 1% used [0x00000000fec80000,0x00000000fecb8000,0x00000000ff880000)
  to   space 12800K, 0% used [0x00000000fdf80000,0x00000000fdf80000,0x00000000fec00000)
 ParOldGen       total 108032K, used 49352K [0x00000000e0000000, 0x00000000e6980000, 0x00000000f5580000)
  object space 108032K, 45% used [0x00000000e0000000,0x00000000e3032020,0x00000000e6980000)
 Metaspace       used 91129K, capacity 98940K, committed 99032K, reserved 1134592K
  class space    used 10634K, capacity 12949K, committed 13016K, reserved 1048576K
}
Event: 1478.378 GC heap before
{Heap before GC invocations=60 (full 26):
 PSYoungGen      total 153600K, used 224K [0x00000000f5580000, 0x00000000ff880000, 0x0000000100000000)
  eden space 141312K, 0% used [0x00000000f5580000,0x00000000f5580000,0x00000000fdf80000)
  from space 12288K, 1% used [0x00000000fec80000,0x00000000fecb8000,0x00000000ff880000)
  to   space 12800K, 0% used [0x00000000fdf80000,0x00000000fdf80000,0x00000000fec00000)
 ParOldGen       total 108032K, used 49352K [0x00000000e0000000, 0x00000000e6980000, 0x00000000f5580000)
  object space 108032K, 45% used [0x00000000e0000000,0x00000000e3032020,0x00000000e6980000)
 Metaspace       used 91129K, capacity 98940K, committed 99032K, reserved 1134592K
  class space    used 10634K, capacity 12949K, committed 13016K, reserved 1048576K
Event: 1478.563 GC heap after
Heap after GC invocations=60 (full 26):
 PSYoungGen      total 153600K, used 0K [0x00000000f5580000, 0x00000000ff880000, 0x0000000100000000)
  eden space 141312K, 0% used [0x00000000f5580000,0x00000000f5580000,0x00000000fdf80000)
  from space 12288K, 0% used [0x00000000fec80000,0x00000000fec80000,0x00000000ff880000)
  to   space 12800K, 0% used [0x00000000fdf80000,0x00000000fdf80000,0x00000000fec00000)
 ParOldGen       total 108032K, used 48826K [0x00000000e0000000, 0x00000000e6980000, 0x00000000f5580000)
  object space 108032K, 45% used [0x00000000e0000000,0x00000000e2fae8e8,0x00000000e6980000)
 Metaspace       used 91125K, capacity 98934K, committed 99032K, reserved 1134592K
  class space    used 10633K, capacity 12948K, committed 13016K, reserved 1048576K
}

