# JRE version: Java(TM) SE Runtime Environment (8.0_66-b18) (build 1.8.0_66-b18)
# Java VM: Java HotSpot(TM) 64-Bit Server VM (25.66-b18 mixed mode windows-amd64 compressed oops)
Heap:
 PSYoungGen      total 136192K, used 80243K [0x00000000f5580000, 0x00000000ff300000, 0x0000000100000000)
  eden space 134656K, 58% used [0x00000000f5580000,0x00000000fa25eba8,0x00000000fd900000)
  from space 1536K, 99% used [0x00000000fd900000,0x00000000fda7e258,0x00000000fda80000)
  to   space 7680K, 0% used [0x00000000feb80000,0x00000000feb80000,0x00000000ff300000)
 ParOldGen       total 98304K, used 76726K [0x00000000e0000000, 0x00000000e6000000, 0x00000000f5580000)
  object space 98304K, 78% used [0x00000000e0000000,0x00000000e4aeda30,0x00000000e6000000)
 Metaspace       used 96974K, capacity 104500K, committed 104704K, reserved 1140736K
  class space    used 11362K, capacity 13720K, committed 13824K, reserved 1048576K
GC Heap History (10 events):
Event: 14101.511 GC heap before
{Heap before GC invocations=205 (full 96):
 PSYoungGen      total 136192K, used 2758K [0x00000000f5580000, 0x00000000fdb80000, 0x0000000100000000)
  eden space 135168K, 2% used [0x00000000f5580000,0x00000000f5831870,0x00000000fd980000)
  from space 1024K, 0% used [0x00000000fda80000,0x00000000fda80000,0x00000000fdb80000)
  to   space 1024K, 0% used [0x00000000fd980000,0x00000000fd980000,0x00000000fda80000)
 ParOldGen       total 98304K, used 59544K [0x00000000e0000000, 0x00000000e6000000, 0x00000000f5580000)
  object space 98304K, 60% used [0x00000000e0000000,0x00000000e3a26020,0x00000000e6000000)
 Metaspace       used 95282K, capacity 102886K, committed 103168K, reserved 1138688K
  class space    used 11206K, capacity 13424K, committed 13568K, reserved 1048576K
Event: 14101.518 GC heap after
Heap after GC invocations=205 (full 96):
 PSYoungGen      total 136192K, used 192K [0x00000000f5580000, 0x00000000fdb00000, 0x0000000100000000)
  eden space 135168K, 0% used [0x00000000f5580000,0x00000000f5580000,0x00000000fd980000)
  from space 1024K, 18% used [0x00000000fd980000,0x00000000fd9b0000,0x00000000fda80000)
  to   space 512K, 0% used [0x00000000fda80000,0x00000000fda80000,0x00000000fdb00000)
 ParOldGen       total 98304K, used 59552K [0x00000000e0000000, 0x00000000e6000000, 0x00000000f5580000)
  object space 98304K, 60% used [0x00000000e0000000,0x00000000e3a28020,0x00000000e6000000)
 Metaspace       used 95282K, capacity 102886K, committed 103168K, reserved 1138688K
  class space    used 11206K, capacity 13424K, committed 13568K, reserved 1048576K
}
Event: 14101.518 GC heap before
{Heap before GC invocations=206 (full 97):
 PSYoungGen      total 136192K, used 192K [0x00000000f5580000, 0x00000000fdb00000, 0x0000000100000000)
  eden space 135168K, 0% used [0x00000000f5580000,0x00000000f5580000,0x00000000fd980000)
  from space 1024K, 18% used [0x00000000fd980000,0x00000000fd9b0000,0x00000000fda80000)
  to   space 512K, 0% used [0x00000000fda80000,0x00000000fda80000,0x00000000fdb00000)
 ParOldGen       total 98304K, used 59552K [0x00000000e0000000, 0x00000000e6000000, 0x00000000f5580000)
  object space 98304K, 60% used [0x00000000e0000000,0x00000000e3a28020,0x00000000e6000000)
 Metaspace       used 95282K, capacity 102886K, committed 103168K, reserved 1138688K
  class space    used 11206K, capacity 13424K, committed 13568K, reserved 1048576K
Event: 14101.690 GC heap after
Heap after GC invocations=206 (full 97):
 PSYoungGen      total 136192K, used 0K [0x00000000f5580000, 0x00000000fdb00000, 0x0000000100000000)
  eden space 135168K, 0% used [0x00000000f5580000,0x00000000f5580000,0x00000000fd980000)
  from space 1024K, 0% used [0x00000000fd980000,0x00000000fd980000,0x00000000fda80000)
  to   space 512K, 0% used [0x00000000fda80000,0x00000000fda80000,0x00000000fdb00000)
 ParOldGen       total 98304K, used 59544K [0x00000000e0000000, 0x00000000e6000000, 0x00000000f5580000)
  object space 98304K, 60% used [0x00000000e0000000,0x00000000e3a26080,0x00000000e6000000)
 Metaspace       used 95282K, capacity 102886K, committed 103168K, reserved 1138688K
  class space    used 11206K, capacity 13424K, committed 13568K, reserved 1048576K
}
Event: 14161.527 GC heap before
{Heap before GC invocations=207 (full 97):
 PSYoungGen      total 136192K, used 71563K [0x00000000f5580000, 0x00000000fdb00000, 0x0000000100000000)
  eden space 135168K, 52% used [0x00000000f5580000,0x00000000f9b62e18,0x00000000fd980000)
  from space 1024K, 0% used [0x00000000fd980000,0x00000000fd980000,0x00000000fda80000)
  to   space 512K, 0% used [0x00000000fda80000,0x00000000fda80000,0x00000000fdb00000)
 ParOldGen       total 98304K, used 59544K [0x00000000e0000000, 0x00000000e6000000, 0x00000000f5580000)
  object space 98304K, 60% used [0x00000000e0000000,0x00000000e3a26080,0x00000000e6000000)
 Metaspace       used 96124K, capacity 103846K, committed 104320K, reserved 1140736K
  class space    used 11290K, capacity 13552K, committed 13696K, reserved 1048576K
Event: 14161.549 GC heap after
Heap after GC invocations=207 (full 97):
 PSYoungGen      total 135168K, used 496K [0x00000000f5580000, 0x00000000fdc80000, 0x0000000100000000)
  eden space 134656K, 0% used [0x00000000f5580000,0x00000000f5580000,0x00000000fd900000)
  from space 512K, 96% used [0x00000000fda80000,0x00000000fdafc010,0x00000000fdb00000)
  to   space 1536K, 0% used [0x00000000fd900000,0x00000000fd900000,0x00000000fda80000)
 ParOldGen       total 98304K, used 62046K [0x00000000e0000000, 0x00000000e6000000, 0x00000000f5580000)
  object space 98304K, 63% used [0x00000000e0000000,0x00000000e3c97bf8,0x00000000e6000000)
 Metaspace       used 96124K, capacity 103846K, committed 104320K, reserved 1140736K
  class space    used 11290K, capacity 13552K, committed 13696K, reserved 1048576K
}
Event: 14161.549 GC heap before
{Heap before GC invocations=208 (full 98):
 PSYoungGen      total 135168K, used 496K [0x00000000f5580000, 0x00000000fdc80000, 0x0000000100000000)
  eden space 134656K, 0% used [0x00000000f5580000,0x00000000f5580000,0x00000000fd900000)
  from space 512K, 96% used [0x00000000fda80000,0x00000000fdafc010,0x00000000fdb00000)
  to   space 1536K, 0% used [0x00000000fd900000,0x00000000fd900000,0x00000000fda80000)
 ParOldGen       total 98304K, used 62046K [0x00000000e0000000, 0x00000000e6000000, 0x00000000f5580000)
  object space 98304K, 63% used [0x00000000e0000000,0x00000000e3c97bf8,0x00000000e6000000)
 Metaspace       used 96124K, capacity 103846K, committed 104320K, reserved 1140736K
  class space    used 11290K, capacity 13552K, committed 13696K, reserved 1048576K
Event: 14161.955 GC heap after
Heap after GC invocations=208 (full 98):
 PSYoungGen      total 135168K, used 0K [0x00000000f5580000, 0x00000000fdc80000, 0x0000000100000000)
  eden space 134656K, 0% used [0x00000000f5580000,0x00000000f5580000,0x00000000fd900000)
  from space 512K, 0% used [0x00000000fda80000,0x00000000fda80000,0x00000000fdb00000)
  to   space 1536K, 0% used [0x00000000fd900000,0x00000000fd900000,0x00000000fda80000)
 ParOldGen       total 98304K, used 60875K [0x00000000e0000000, 0x00000000e6000000, 0x00000000f5580000)
  object space 98304K, 61% used [0x00000000e0000000,0x00000000e3b72da8,0x00000000e6000000)
 Metaspace       used 96124K, capacity 103846K, committed 104320K, reserved 1140736K
  class space    used 11290K, capacity 13552K, committed 13696K, reserved 1048576K
}
Event: 14189.948 GC heap before
{Heap before GC invocations=209 (full 98):
 PSYoungGen      total 135168K, used 134656K [0x00000000f5580000, 0x00000000fdc80000, 0x0000000100000000)
  eden space 134656K, 100% used [0x00000000f5580000,0x00000000fd900000,0x00000000fd900000)
  from space 512K, 0% used [0x00000000fda80000,0x00000000fda80000,0x00000000fdb00000)
  to   space 1536K, 0% used [0x00000000fd900000,0x00000000fd900000,0x00000000fda80000)
 ParOldGen       total 98304K, used 60875K [0x00000000e0000000, 0x00000000e6000000, 0x00000000f5580000)
  object space 98304K, 61% used [0x00000000e0000000,0x00000000e3b72da8,0x00000000e6000000)
 Metaspace       used 96278K, capacity 103864K, committed 104320K, reserved 1140736K
  class space    used 11296K, capacity 13555K, committed 13696K, reserved 1048576K
Event: 14189.957 GC heap after
Heap after GC invocations=209 (full 98):
 PSYoungGen      total 136192K, used 1528K [0x00000000f5580000, 0x00000000ff300000, 0x0000000100000000)
  eden space 134656K, 0% used [0x00000000f5580000,0x00000000f5580000,0x00000000fd900000)
  from space 1536K, 99% used [0x00000000fd900000,0x00000000fda7e258,0x00000000fda80000)
  to   space 7680K, 0% used [0x00000000feb80000,0x00000000feb80000,0x00000000ff300000)
 ParOldGen       total 98304K, used 76726K [0x00000000e0000000, 0x00000000e6000000, 0x00000000f5580000)
  object space 98304K, 78% used [0x00000000e0000000,0x00000000e4aeda30,0x00000000e6000000)
 Metaspace       used 96278K, capacity 103864K, committed 104320K, reserved 1140736K
  class space    used 11296K, capacity 13555K, committed 13696K, reserved 1048576K
}

