# JRE version: Java(TM) SE Runtime Environment (8.0_66-b18) (build 1.8.0_66-b18)
# Java VM: Java HotSpot(TM) 64-Bit Server VM (25.66-b18 mixed mode windows-amd64 compressed oops)
Heap:
 PSYoungGen      total 127488K, used 9376K [0x00000000f5580000, 0x00000000ff300000, 0x0000000100000000)
  eden space 101888K, 6% used [0x00000000f5580000,0x00000000f5c597d8,0x00000000fb900000)
  from space 25600K, 9% used [0x00000000fd100000,0x00000000fd34e9a0,0x00000000fea00000)
  to   space 24576K, 0% used [0x00000000fb900000,0x00000000fb900000,0x00000000fd100000)
 ParOldGen       total 97792K, used 47202K [0x00000000e0000000, 0x00000000e5f80000, 0x00000000f5580000)
  object space 97792K, 48% used [0x00000000e0000000,0x00000000e2e18980,0x00000000e5f80000)
 Metaspace       used 86442K, capacity 93730K, committed 93912K, reserved 1130496K
  class space    used 10182K, capacity 12477K, committed 12504K, reserved 1048576K
GC Heap History (10 events):
Event: 782.619 GC heap before
{Heap before GC invocations=31 (full 11):
 PSYoungGen      total 102912K, used 58491K [0x00000000f5580000, 0x00000000fee00000, 0x0000000100000000)
  eden space 100864K, 57% used [0x00000000f5580000,0x00000000f8e9eda0,0x00000000fb800000)
  from space 2048K, 0% used [0x00000000fb800000,0x00000000fb800000,0x00000000fba00000)
  to   space 27648K, 0% used [0x00000000fd300000,0x00000000fd300000,0x00000000fee00000)
 ParOldGen       total 97792K, used 46653K [0x00000000e0000000, 0x00000000e5f80000, 0x00000000f5580000)
  object space 97792K, 47% used [0x00000000e0000000,0x00000000e2d8f7d0,0x00000000e5f80000)
 Metaspace       used 84421K, capacity 91478K, committed 91608K, reserved 1128448K
  class space    used 9986K, capacity 12175K, committed 12248K, reserved 1048576K
Event: 782.630 GC heap after
Heap after GC invocations=31 (full 11):
 PSYoungGen      total 126464K, used 2023K [0x00000000f5580000, 0x00000000fec00000, 0x0000000100000000)
  eden space 100864K, 0% used [0x00000000f5580000,0x00000000f5580000,0x00000000fb800000)
  from space 25600K, 7% used [0x00000000fd300000,0x00000000fd4f9c60,0x00000000fec00000)
  to   space 26624K, 0% used [0x00000000fb800000,0x00000000fb800000,0x00000000fd200000)
 ParOldGen       total 97792K, used 46661K [0x00000000e0000000, 0x00000000e5f80000, 0x00000000f5580000)
  object space 97792K, 47% used [0x00000000e0000000,0x00000000e2d917d0,0x00000000e5f80000)
 Metaspace       used 84421K, capacity 91478K, committed 91608K, reserved 1128448K
  class space    used 9986K, capacity 12175K, committed 12248K, reserved 1048576K
}
Event: 782.630 GC heap before
{Heap before GC invocations=32 (full 12):
 PSYoungGen      total 126464K, used 2023K [0x00000000f5580000, 0x00000000fec00000, 0x0000000100000000)
  eden space 100864K, 0% used [0x00000000f5580000,0x00000000f5580000,0x00000000fb800000)
  from space 25600K, 7% used [0x00000000fd300000,0x00000000fd4f9c60,0x00000000fec00000)
  to   space 26624K, 0% used [0x00000000fb800000,0x00000000fb800000,0x00000000fd200000)
 ParOldGen       total 97792K, used 46661K [0x00000000e0000000, 0x00000000e5f80000, 0x00000000f5580000)
  object space 97792K, 47% used [0x00000000e0000000,0x00000000e2d917d0,0x00000000e5f80000)
 Metaspace       used 84421K, capacity 91478K, committed 91608K, reserved 1128448K
  class space    used 9986K, capacity 12175K, committed 12248K, reserved 1048576K
Event: 782.917 GC heap after
Heap after GC invocations=32 (full 12):
 PSYoungGen      total 126464K, used 0K [0x00000000f5580000, 0x00000000fec00000, 0x0000000100000000)
  eden space 100864K, 0% used [0x00000000f5580000,0x00000000f5580000,0x00000000fb800000)
  from space 25600K, 0% used [0x00000000fd300000,0x00000000fd300000,0x00000000fec00000)
  to   space 26624K, 0% used [0x00000000fb800000,0x00000000fb800000,0x00000000fd200000)
 ParOldGen       total 97792K, used 46879K [0x00000000e0000000, 0x00000000e5f80000, 0x00000000f5580000)
  object space 97792K, 47% used [0x00000000e0000000,0x00000000e2dc7df8,0x00000000e5f80000)
 Metaspace       used 84421K, capacity 91478K, committed 91608K, reserved 1128448K
  class space    used 9986K, capacity 12175K, committed 12248K, reserved 1048576K
}
Event: 844.051 GC heap before
{Heap before GC invocations=33 (full 12):
 PSYoungGen      total 126464K, used 74526K [0x00000000f5580000, 0x00000000fec00000, 0x0000000100000000)
  eden space 100864K, 73% used [0x00000000f5580000,0x00000000f9e47be8,0x00000000fb800000)
  from space 25600K, 0% used [0x00000000fd300000,0x00000000fd300000,0x00000000fec00000)
  to   space 26624K, 0% used [0x00000000fb800000,0x00000000fb800000,0x00000000fd200000)
 ParOldGen       total 97792K, used 46879K [0x00000000e0000000, 0x00000000e5f80000, 0x00000000f5580000)
  object space 97792K, 47% used [0x00000000e0000000,0x00000000e2dc7df8,0x00000000e5f80000)
 Metaspace       used 85199K, capacity 92310K, committed 92376K, reserved 1130496K
  class space    used 10058K, capacity 12239K, committed 12248K, reserved 1048576K
Event: 844.062 GC heap after
Heap after GC invocations=33 (full 12):
 PSYoungGen      total 103424K, used 2336K [0x00000000f5580000, 0x00000000fea00000, 0x0000000100000000)
  eden space 100864K, 0% used [0x00000000f5580000,0x00000000f5580000,0x00000000fb800000)
  from space 2560K, 91% used [0x00000000fb800000,0x00000000fba480b8,0x00000000fba80000)
  to   space 25600K, 0% used [0x00000000fd100000,0x00000000fd100000,0x00000000fea00000)
 ParOldGen       total 97792K, used 46887K [0x00000000e0000000, 0x00000000e5f80000, 0x00000000f5580000)
  object space 97792K, 47% used [0x00000000e0000000,0x00000000e2dc9df8,0x00000000e5f80000)
 Metaspace       used 85199K, capacity 92310K, committed 92376K, reserved 1130496K
  class space    used 10058K, capacity 12239K, committed 12248K, reserved 1048576K
}
Event: 844.062 GC heap before
{Heap before GC invocations=34 (full 13):
 PSYoungGen      total 103424K, used 2336K [0x00000000f5580000, 0x00000000fea00000, 0x0000000100000000)
  eden space 100864K, 0% used [0x00000000f5580000,0x00000000f5580000,0x00000000fb800000)
  from space 2560K, 91% used [0x00000000fb800000,0x00000000fba480b8,0x00000000fba80000)
  to   space 25600K, 0% used [0x00000000fd100000,0x00000000fd100000,0x00000000fea00000)
 ParOldGen       total 97792K, used 46887K [0x00000000e0000000, 0x00000000e5f80000, 0x00000000f5580000)
  object space 97792K, 47% used [0x00000000e0000000,0x00000000e2dc9df8,0x00000000e5f80000)
 Metaspace       used 85199K, capacity 92310K, committed 92376K, reserved 1130496K
  class space    used 10058K, capacity 12239K, committed 12248K, reserved 1048576K
Event: 844.366 GC heap after
Heap after GC invocations=34 (full 13):
 PSYoungGen      total 103424K, used 0K [0x00000000f5580000, 0x00000000fea00000, 0x0000000100000000)
  eden space 100864K, 0% used [0x00000000f5580000,0x00000000f5580000,0x00000000fb800000)
  from space 2560K, 0% used [0x00000000fb800000,0x00000000fb800000,0x00000000fba80000)
  to   space 25600K, 0% used [0x00000000fd100000,0x00000000fd100000,0x00000000fea00000)
 ParOldGen       total 97792K, used 47194K [0x00000000e0000000, 0x00000000e5f80000, 0x00000000f5580000)
  object space 97792K, 48% used [0x00000000e0000000,0x00000000e2e16980,0x00000000e5f80000)
 Metaspace       used 85199K, capacity 92310K, committed 92376K, reserved 1130496K
  class space    used 10058K, capacity 12239K, committed 12248K, reserved 1048576K
}
Event: 875.057 GC heap before
{Heap before GC invocations=35 (full 13):
 PSYoungGen      total 103424K, used 100864K [0x00000000f5580000, 0x00000000fea00000, 0x0000000100000000)
  eden space 100864K, 100% used [0x00000000f5580000,0x00000000fb800000,0x00000000fb800000)
  from space 2560K, 0% used [0x00000000fb800000,0x00000000fb800000,0x00000000fba80000)
  to   space 25600K, 0% used [0x00000000fd100000,0x00000000fd100000,0x00000000fea00000)
 ParOldGen       total 97792K, used 47194K [0x00000000e0000000, 0x00000000e5f80000, 0x00000000f5580000)
  object space 97792K, 48% used [0x00000000e0000000,0x00000000e2e16980,0x00000000e5f80000)
 Metaspace       used 86135K, capacity 93566K, committed 93656K, reserved 1130496K
  class space    used 10148K, capacity 12445K, committed 12504K, reserved 1048576K
Event: 875.068 GC heap after
Heap after GC invocations=35 (full 13):
 PSYoungGen      total 127488K, used 2362K [0x00000000f5580000, 0x00000000ff300000, 0x0000000100000000)
  eden space 101888K, 0% used [0x00000000f5580000,0x00000000f5580000,0x00000000fb900000)
  from space 25600K, 9% used [0x00000000fd100000,0x00000000fd34e9a0,0x00000000fea00000)
  to   space 24576K, 0% used [0x00000000fb900000,0x00000000fb900000,0x00000000fd100000)
 ParOldGen       total 97792K, used 47202K [0x00000000e0000000, 0x00000000e5f80000, 0x00000000f5580000)
  object space 97792K, 48% used [0x00000000e0000000,0x00000000e2e18980,0x00000000e5f80000)
 Metaspace       used 86135K, capacity 93566K, committed 93656K, reserved 1130496K
  class space    used 10148K, capacity 12445K, committed 12504K, reserved 1048576K
}

