# JRE version: Java(TM) SE Runtime Environment (8.0_66-b18) (build 1.8.0_66-b18)
# Java VM: Java HotSpot(TM) 64-Bit Server VM (25.66-b18 mixed mode windows-amd64 compressed oops)
Heap:
 PSYoungGen      total 135168K, used 38669K [0x00000000f5580000, 0x00000000feb00000, 0x0000000100000000)
  eden space 120320K, 32% used [0x00000000f5580000,0x00000000f7b43670,0x00000000fcb00000)
  from space 14848K, 0% used [0x00000000fdc80000,0x00000000fdc80000,0x00000000feb00000)
  to   space 16384K, 0% used [0x00000000fcb00000,0x00000000fcb00000,0x00000000fdb00000)
 ParOldGen       total 110592K, used 48720K [0x00000000e0000000, 0x00000000e6c00000, 0x00000000f5580000)
  object space 110592K, 44% used [0x00000000e0000000,0x00000000e2f94320,0x00000000e6c00000)
 Metaspace       used 87297K, capacity 94442K, committed 94760K, reserved 1132544K
  class space    used 10362K, capacity 12552K, committed 12584K, reserved 1048576K
GC Heap History (10 events):
Event: 1189.173 GC heap before
{Heap before GC invocations=50 (full 22):
 PSYoungGen      total 138240K, used 288K [0x00000000f5580000, 0x00000000ff000000, 0x0000000100000000)
  eden space 120320K, 0% used [0x00000000f5580000,0x00000000f5580000,0x00000000fcb00000)
  from space 17920K, 1% used [0x00000000fde80000,0x00000000fdec8000,0x00000000ff000000)
  to   space 18944K, 0% used [0x00000000fcb00000,0x00000000fcb00000,0x00000000fdd80000)
 ParOldGen       total 110592K, used 45520K [0x00000000e0000000, 0x00000000e6c00000, 0x00000000f5580000)
  object space 110592K, 41% used [0x00000000e0000000,0x00000000e2c741c8,0x00000000e6c00000)
 Metaspace       used 85242K, capacity 92484K, committed 92968K, reserved 1130496K
  class space    used 10060K, capacity 12217K, committed 12328K, reserved 1048576K
Event: 1189.319 GC heap after
Heap after GC invocations=50 (full 22):
 PSYoungGen      total 138240K, used 0K [0x00000000f5580000, 0x00000000ff000000, 0x0000000100000000)
  eden space 120320K, 0% used [0x00000000f5580000,0x00000000f5580000,0x00000000fcb00000)
  from space 17920K, 0% used [0x00000000fde80000,0x00000000fde80000,0x00000000ff000000)
  to   space 18944K, 0% used [0x00000000fcb00000,0x00000000fcb00000,0x00000000fdd80000)
 ParOldGen       total 110592K, used 45638K [0x00000000e0000000, 0x00000000e6c00000, 0x00000000f5580000)
  object space 110592K, 41% used [0x00000000e0000000,0x00000000e2c91990,0x00000000e6c00000)
 Metaspace       used 85242K, capacity 92484K, committed 92968K, reserved 1130496K
  class space    used 10060K, capacity 12217K, committed 12328K, reserved 1048576K
}
Event: 1249.181 GC heap before
{Heap before GC invocations=51 (full 22):
 PSYoungGen      total 138240K, used 8291K [0x00000000f5580000, 0x00000000ff000000, 0x0000000100000000)
  eden space 120320K, 6% used [0x00000000f5580000,0x00000000f5d98fa8,0x00000000fcb00000)
  from space 17920K, 0% used [0x00000000fde80000,0x00000000fde80000,0x00000000ff000000)
  to   space 18944K, 0% used [0x00000000fcb00000,0x00000000fcb00000,0x00000000fdd80000)
 ParOldGen       total 110592K, used 45638K [0x00000000e0000000, 0x00000000e6c00000, 0x00000000f5580000)
  object space 110592K, 41% used [0x00000000e0000000,0x00000000e2c91990,0x00000000e6c00000)
 Metaspace       used 85257K, capacity 92484K, committed 92968K, reserved 1130496K
  class space    used 10060K, capacity 12217K, committed 12328K, reserved 1048576K
Event: 1249.189 GC heap after
Heap after GC invocations=51 (full 22):
 PSYoungGen      total 120832K, used 480K [0x00000000f5580000, 0x00000000fee00000, 0x0000000100000000)
  eden space 120320K, 0% used [0x00000000f5580000,0x00000000f5580000,0x00000000fcb00000)
  from space 512K, 93% used [0x00000000fcb00000,0x00000000fcb78000,0x00000000fcb80000)
  to   space 17920K, 0% used [0x00000000fdc80000,0x00000000fdc80000,0x00000000fee00000)
 ParOldGen       total 110592K, used 45646K [0x00000000e0000000, 0x00000000e6c00000, 0x00000000f5580000)
  object space 110592K, 41% used [0x00000000e0000000,0x00000000e2c93990,0x00000000e6c00000)
 Metaspace       used 85257K, capacity 92484K, committed 92968K, reserved 1130496K
  class space    used 10060K, capacity 12217K, committed 12328K, reserved 1048576K
}
Event: 1249.189 GC heap before
{Heap before GC invocations=52 (full 23):
 PSYoungGen      total 120832K, used 480K [0x00000000f5580000, 0x00000000fee00000, 0x0000000100000000)
  eden space 120320K, 0% used [0x00000000f5580000,0x00000000f5580000,0x00000000fcb00000)
  from space 512K, 93% used [0x00000000fcb00000,0x00000000fcb78000,0x00000000fcb80000)
  to   space 17920K, 0% used [0x00000000fdc80000,0x00000000fdc80000,0x00000000fee00000)
 ParOldGen       total 110592K, used 45646K [0x00000000e0000000, 0x00000000e6c00000, 0x00000000f5580000)
  object space 110592K, 41% used [0x00000000e0000000,0x00000000e2c93990,0x00000000e6c00000)
 Metaspace       used 85257K, capacity 92484K, committed 92968K, reserved 1130496K
  class space    used 10060K, capacity 12217K, committed 12328K, reserved 1048576K
Event: 1249.310 GC heap after
Heap after GC invocations=52 (full 23):
 PSYoungGen      total 120832K, used 0K [0x00000000f5580000, 0x00000000fee00000, 0x0000000100000000)
  eden space 120320K, 0% used [0x00000000f5580000,0x00000000f5580000,0x00000000fcb00000)
  from space 512K, 0% used [0x00000000fcb00000,0x00000000fcb00000,0x00000000fcb80000)
  to   space 17920K, 0% used [0x00000000fdc80000,0x00000000fdc80000,0x00000000fee00000)
 ParOldGen       total 110592K, used 45776K [0x00000000e0000000, 0x00000000e6c00000, 0x00000000f5580000)
  object space 110592K, 41% used [0x00000000e0000000,0x00000000e2cb4128,0x00000000e6c00000)
 Metaspace       used 85257K, capacity 92484K, committed 92968K, reserved 1130496K
  class space    used 10060K, capacity 12217K, committed 12328K, reserved 1048576K
}
Event: 1309.189 GC heap before
{Heap before GC invocations=53 (full 23):
 PSYoungGen      total 120832K, used 33282K [0x00000000f5580000, 0x00000000fee00000, 0x0000000100000000)
  eden space 120320K, 27% used [0x00000000f5580000,0x00000000f7600940,0x00000000fcb00000)
  from space 512K, 0% used [0x00000000fcb00000,0x00000000fcb00000,0x00000000fcb80000)
  to   space 17920K, 0% used [0x00000000fdc80000,0x00000000fdc80000,0x00000000fee00000)
 ParOldGen       total 110592K, used 45776K [0x00000000e0000000, 0x00000000e6c00000, 0x00000000f5580000)
  object space 110592K, 41% used [0x00000000e0000000,0x00000000e2cb4128,0x00000000e6c00000)
 Metaspace       used 86485K, capacity 93856K, committed 94120K, reserved 1130496K
  class space    used 10268K, capacity 12423K, committed 12456K, reserved 1048576K
Event: 1309.203 GC heap after
Heap after GC invocations=53 (full 23):
 PSYoungGen      total 135168K, used 3359K [0x00000000f5580000, 0x00000000feb00000, 0x0000000100000000)
  eden space 120320K, 0% used [0x00000000f5580000,0x00000000f5580000,0x00000000fcb00000)
  from space 14848K, 22% used [0x00000000fdc80000,0x00000000fdfc7da0,0x00000000feb00000)
  to   space 16384K, 0% used [0x00000000fcb00000,0x00000000fcb00000,0x00000000fdb00000)
 ParOldGen       total 110592K, used 45784K [0x00000000e0000000, 0x00000000e6c00000, 0x00000000f5580000)
  object space 110592K, 41% used [0x00000000e0000000,0x00000000e2cb6128,0x00000000e6c00000)
 Metaspace       used 86485K, capacity 93856K, committed 94120K, reserved 1130496K
  class space    used 10268K, capacity 12423K, committed 12456K, reserved 1048576K
}
Event: 1309.203 GC heap before
{Heap before GC invocations=54 (full 24):
 PSYoungGen      total 135168K, used 3359K [0x00000000f5580000, 0x00000000feb00000, 0x0000000100000000)
  eden space 120320K, 0% used [0x00000000f5580000,0x00000000f5580000,0x00000000fcb00000)
  from space 14848K, 22% used [0x00000000fdc80000,0x00000000fdfc7da0,0x00000000feb00000)
  to   space 16384K, 0% used [0x00000000fcb00000,0x00000000fcb00000,0x00000000fdb00000)
 ParOldGen       total 110592K, used 45784K [0x00000000e0000000, 0x00000000e6c00000, 0x00000000f5580000)
  object space 110592K, 41% used [0x00000000e0000000,0x00000000e2cb6128,0x00000000e6c00000)
 Metaspace       used 86485K, capacity 93856K, committed 94120K, reserved 1130496K
  class space    used 10268K, capacity 12423K, committed 12456K, reserved 1048576K
Event: 1309.530 GC heap after
Heap after GC invocations=54 (full 24):
 PSYoungGen      total 135168K, used 0K [0x00000000f5580000, 0x00000000feb00000, 0x0000000100000000)
  eden space 120320K, 0% used [0x00000000f5580000,0x00000000f5580000,0x00000000fcb00000)
  from space 14848K, 0% used [0x00000000fdc80000,0x00000000fdc80000,0x00000000feb00000)
  to   space 16384K, 0% used [0x00000000fcb00000,0x00000000fcb00000,0x00000000fdb00000)
 ParOldGen       total 110592K, used 48720K [0x00000000e0000000, 0x00000000e6c00000, 0x00000000f5580000)
  object space 110592K, 44% used [0x00000000e0000000,0x00000000e2f94320,0x00000000e6c00000)
 Metaspace       used 86485K, capacity 93856K, committed 94120K, reserved 1130496K
  class space    used 10268K, capacity 12423K, committed 12456K, reserved 1048576K
}

