# JRE version: Java(TM) SE Runtime Environment (8.0_66-b18) (build 1.8.0_66-b18)
# Java VM: Java HotSpot(TM) 64-Bit Server VM (25.66-b18 mixed mode windows-amd64 compressed oops)
Heap:
 PSYoungGen      total 103936K, used 37954K [0x00000000f5580000, 0x00000000fd900000, 0x0000000100000000)
  eden space 74752K, 50% used [0x00000000f5580000,0x00000000f7a90840,0x00000000f9e80000)
  from space 29184K, 0% used [0x00000000fbb80000,0x00000000fbb80000,0x00000000fd800000)
  to   space 29696K, 0% used [0x00000000f9e80000,0x00000000f9e80000,0x00000000fbb80000)
 ParOldGen       total 114176K, used 56606K [0x00000000e0000000, 0x00000000e6f80000, 0x00000000f5580000)
  object space 114176K, 49% used [0x00000000e0000000,0x00000000e37478b8,0x00000000e6f80000)
 Metaspace       used 81422K, capacity 88516K, committed 88664K, reserved 1126400K
  class space    used 9872K, capacity 12118K, committed 12160K, reserved 1048576K
GC Heap History (10 events):
Event: 43.721 GC heap before
{Heap before GC invocations=15 (full 3):
 PSYoungGen      total 90112K, used 86435K [0x00000000f5580000, 0x00000000fd180000, 0x0000000100000000)
  eden space 67072K, 100% used [0x00000000f5580000,0x00000000f9700000,0x00000000f9700000)
  from space 23040K, 84% used [0x00000000f9700000,0x00000000fa9e8e00,0x00000000fad80000)
  to   space 25088K, 0% used [0x00000000fb900000,0x00000000fb900000,0x00000000fd180000)
 ParOldGen       total 114176K, used 43043K [0x00000000e0000000, 0x00000000e6f80000, 0x00000000f5580000)
  object space 114176K, 37% used [0x00000000e0000000,0x00000000e2a08d18,0x00000000e6f80000)
 Metaspace       used 77830K, capacity 84496K, committed 84824K, reserved 1122304K
  class space    used 9492K, capacity 11607K, committed 11648K, reserved 1048576K
Event: 43.743 GC heap after
Heap after GC invocations=15 (full 3):
 PSYoungGen      total 98816K, used 23497K [0x00000000f5580000, 0x00000000fd600000, 0x0000000100000000)
  eden space 73728K, 0% used [0x00000000f5580000,0x00000000f5580000,0x00000000f9d80000)
  from space 25088K, 93% used [0x00000000fb900000,0x00000000fcff2708,0x00000000fd180000)
  to   space 28160K, 0% used [0x00000000f9d80000,0x00000000f9d80000,0x00000000fb900000)
 ParOldGen       total 114176K, used 43051K [0x00000000e0000000, 0x00000000e6f80000, 0x00000000f5580000)
  object space 114176K, 37% used [0x00000000e0000000,0x00000000e2a0ad18,0x00000000e6f80000)
 Metaspace       used 77830K, capacity 84496K, committed 84824K, reserved 1122304K
  class space    used 9492K, capacity 11607K, committed 11648K, reserved 1048576K
}
Event: 64.657 GC heap before
{Heap before GC invocations=16 (full 3):
 PSYoungGen      total 98816K, used 43630K [0x00000000f5580000, 0x00000000fd600000, 0x0000000100000000)
  eden space 73728K, 27% used [0x00000000f5580000,0x00000000f6929210,0x00000000f9d80000)
  from space 25088K, 93% used [0x00000000fb900000,0x00000000fcff2708,0x00000000fd180000)
  to   space 28160K, 0% used [0x00000000f9d80000,0x00000000f9d80000,0x00000000fb900000)
 ParOldGen       total 114176K, used 43051K [0x00000000e0000000, 0x00000000e6f80000, 0x00000000f5580000)
  object space 114176K, 37% used [0x00000000e0000000,0x00000000e2a0ad18,0x00000000e6f80000)
 Metaspace       used 78927K, capacity 85784K, committed 86104K, reserved 1124352K
  class space    used 9619K, capacity 11790K, committed 11904K, reserved 1048576K
Event: 64.701 GC heap after
Heap after GC invocations=16 (full 3):
 PSYoungGen      total 101888K, used 19778K [0x00000000f5580000, 0x00000000fd800000, 0x0000000100000000)
  eden space 73728K, 0% used [0x00000000f5580000,0x00000000f5580000,0x00000000f9d80000)
  from space 28160K, 70% used [0x00000000f9d80000,0x00000000fb0d0868,0x00000000fb900000)
  to   space 29184K, 0% used [0x00000000fbb80000,0x00000000fbb80000,0x00000000fd800000)
 ParOldGen       total 114176K, used 43059K [0x00000000e0000000, 0x00000000e6f80000, 0x00000000f5580000)
  object space 114176K, 37% used [0x00000000e0000000,0x00000000e2a0cd18,0x00000000e6f80000)
 Metaspace       used 78927K, capacity 85784K, committed 86104K, reserved 1124352K
  class space    used 9619K, capacity 11790K, committed 11904K, reserved 1048576K
}
Event: 64.701 GC heap before
{Heap before GC invocations=17 (full 4):
 PSYoungGen      total 101888K, used 19778K [0x00000000f5580000, 0x00000000fd800000, 0x0000000100000000)
  eden space 73728K, 0% used [0x00000000f5580000,0x00000000f5580000,0x00000000f9d80000)
  from space 28160K, 70% used [0x00000000f9d80000,0x00000000fb0d0868,0x00000000fb900000)
  to   space 29184K, 0% used [0x00000000fbb80000,0x00000000fbb80000,0x00000000fd800000)
 ParOldGen       total 114176K, used 43059K [0x00000000e0000000, 0x00000000e6f80000, 0x00000000f5580000)
  object space 114176K, 37% used [0x00000000e0000000,0x00000000e2a0cd18,0x00000000e6f80000)
 Metaspace       used 78927K, capacity 85784K, committed 86104K, reserved 1124352K
  class space    used 9619K, capacity 11790K, committed 11904K, reserved 1048576K
Event: 65.016 GC heap after
Heap after GC invocations=17 (full 4):
 PSYoungGen      total 101888K, used 0K [0x00000000f5580000, 0x00000000fd800000, 0x0000000100000000)
  eden space 73728K, 0% used [0x00000000f5580000,0x00000000f5580000,0x00000000f9d80000)
  from space 28160K, 0% used [0x00000000f9d80000,0x00000000f9d80000,0x00000000fb900000)
  to   space 29184K, 0% used [0x00000000fbb80000,0x00000000fbb80000,0x00000000fd800000)
 ParOldGen       total 114176K, used 56099K [0x00000000e0000000, 0x00000000e6f80000, 0x00000000f5580000)
  object space 114176K, 49% used [0x00000000e0000000,0x00000000e36c8e28,0x00000000e6f80000)
 Metaspace       used 78927K, capacity 85784K, committed 86104K, reserved 1124352K
  class space    used 9619K, capacity 11790K, committed 11904K, reserved 1048576K
}
Event: 124.677 GC heap before
{Heap before GC invocations=18 (full 4):
 PSYoungGen      total 101888K, used 39197K [0x00000000f5580000, 0x00000000fd800000, 0x0000000100000000)
  eden space 73728K, 53% used [0x00000000f5580000,0x00000000f7bc7690,0x00000000f9d80000)
  from space 28160K, 0% used [0x00000000f9d80000,0x00000000f9d80000,0x00000000fb900000)
  to   space 29184K, 0% used [0x00000000fbb80000,0x00000000fbb80000,0x00000000fd800000)
 ParOldGen       total 114176K, used 56099K [0x00000000e0000000, 0x00000000e6f80000, 0x00000000f5580000)
  object space 114176K, 49% used [0x00000000e0000000,0x00000000e36c8e28,0x00000000e6f80000)
 Metaspace       used 79968K, capacity 87058K, committed 87128K, reserved 1124352K
  class space    used 9719K, capacity 11890K, committed 11904K, reserved 1048576K
Event: 124.688 GC heap after
Heap after GC invocations=18 (full 4):
 PSYoungGen      total 103936K, used 1906K [0x00000000f5580000, 0x00000000fd900000, 0x0000000100000000)
  eden space 74752K, 0% used [0x00000000f5580000,0x00000000f5580000,0x00000000f9e80000)
  from space 29184K, 6% used [0x00000000fbb80000,0x00000000fbd5cac8,0x00000000fd800000)
  to   space 29696K, 0% used [0x00000000f9e80000,0x00000000f9e80000,0x00000000fbb80000)
 ParOldGen       total 114176K, used 56107K [0x00000000e0000000, 0x00000000e6f80000, 0x00000000f5580000)
  object space 114176K, 49% used [0x00000000e0000000,0x00000000e36cae28,0x00000000e6f80000)
 Metaspace       used 79968K, capacity 87058K, committed 87128K, reserved 1124352K
  class space    used 9719K, capacity 11890K, committed 11904K, reserved 1048576K
}
Event: 124.689 GC heap before
{Heap before GC invocations=19 (full 5):
 PSYoungGen      total 103936K, used 1906K [0x00000000f5580000, 0x00000000fd900000, 0x0000000100000000)
  eden space 74752K, 0% used [0x00000000f5580000,0x00000000f5580000,0x00000000f9e80000)
  from space 29184K, 6% used [0x00000000fbb80000,0x00000000fbd5cac8,0x00000000fd800000)
  to   space 29696K, 0% used [0x00000000f9e80000,0x00000000f9e80000,0x00000000fbb80000)
 ParOldGen       total 114176K, used 56107K [0x00000000e0000000, 0x00000000e6f80000, 0x00000000f5580000)
  object space 114176K, 49% used [0x00000000e0000000,0x00000000e36cae28,0x00000000e6f80000)
 Metaspace       used 79968K, capacity 87058K, committed 87128K, reserved 1124352K
  class space    used 9719K, capacity 11890K, committed 11904K, reserved 1048576K
Event: 125.078 GC heap after
Heap after GC invocations=19 (full 5):
 PSYoungGen      total 103936K, used 0K [0x00000000f5580000, 0x00000000fd900000, 0x0000000100000000)
  eden space 74752K, 0% used [0x00000000f5580000,0x00000000f5580000,0x00000000f9e80000)
  from space 29184K, 0% used [0x00000000fbb80000,0x00000000fbb80000,0x00000000fd800000)
  to   space 29696K, 0% used [0x00000000f9e80000,0x00000000f9e80000,0x00000000fbb80000)
 ParOldGen       total 114176K, used 56606K [0x00000000e0000000, 0x00000000e6f80000, 0x00000000f5580000)
  object space 114176K, 49% used [0x00000000e0000000,0x00000000e37478b8,0x00000000e6f80000)
 Metaspace       used 79968K, capacity 87058K, committed 87128K, reserved 1124352K
  class space    used 9719K, capacity 11890K, committed 11904K, reserved 1048576K
}

