# JRE version: Java(TM) SE Runtime Environment (8.0_66-b18) (build 1.8.0_66-b18)
# Java VM: Java HotSpot(TM) 64-Bit Server VM (25.66-b18 mixed mode windows-amd64 compressed oops)
Heap:
 PSYoungGen      total 92160K, used 44154K [0x00000000f5580000, 0x00000000fb100000, 0x0000000100000000)
  eden space 90624K, 48% used [0x00000000f5580000,0x00000000f809e920,0x00000000fae00000)
  from space 1536K, 0% used [0x00000000faf80000,0x00000000faf80000,0x00000000fb100000)
  to   space 1536K, 0% used [0x00000000fae00000,0x00000000fae00000,0x00000000faf80000)
 ParOldGen       total 111616K, used 47272K [0x00000000e0000000, 0x00000000e6d00000, 0x00000000f5580000)
  object space 111616K, 42% used [0x00000000e0000000,0x00000000e2e2a2a8,0x00000000e6d00000)
 Metaspace       used 91688K, capacity 99272K, committed 99544K, reserved 1134592K
  class space    used 10938K, capacity 13407K, committed 13528K, reserved 1048576K
GC Heap History (10 events):
Event: 6803.231 GC heap before
{Heap before GC invocations=211 (full 99):
 PSYoungGen      total 92160K, used 192K [0x00000000f5580000, 0x00000000fb100000, 0x0000000100000000)
  eden space 90624K, 0% used [0x00000000f5580000,0x00000000f5580000,0x00000000fae00000)
  from space 1536K, 12% used [0x00000000faf80000,0x00000000fafb0000,0x00000000fb100000)
  to   space 1536K, 0% used [0x00000000fae00000,0x00000000fae00000,0x00000000faf80000)
 ParOldGen       total 111616K, used 47133K [0x00000000e0000000, 0x00000000e6d00000, 0x00000000f5580000)
  object space 111616K, 42% used [0x00000000e0000000,0x00000000e2e076f0,0x00000000e6d00000)
 Metaspace       used 90873K, capacity 98354K, committed 98520K, reserved 1134592K
  class space    used 10849K, capacity 13212K, committed 13272K, reserved 1048576K
Event: 6803.377 GC heap after
Heap after GC invocations=211 (full 99):
 PSYoungGen      total 92160K, used 0K [0x00000000f5580000, 0x00000000fb100000, 0x0000000100000000)
  eden space 90624K, 0% used [0x00000000f5580000,0x00000000f5580000,0x00000000fae00000)
  from space 1536K, 0% used [0x00000000faf80000,0x00000000faf80000,0x00000000fb100000)
  to   space 1536K, 0% used [0x00000000fae00000,0x00000000fae00000,0x00000000faf80000)
 ParOldGen       total 111616K, used 47125K [0x00000000e0000000, 0x00000000e6d00000, 0x00000000f5580000)
  object space 111616K, 42% used [0x00000000e0000000,0x00000000e2e05750,0x00000000e6d00000)
 Metaspace       used 90873K, capacity 98354K, committed 98520K, reserved 1134592K
  class space    used 10849K, capacity 13212K, committed 13272K, reserved 1048576K
}
Event: 6863.229 GC heap before
{Heap before GC invocations=212 (full 99):
 PSYoungGen      total 92160K, used 1745K [0x00000000f5580000, 0x00000000fb100000, 0x0000000100000000)
  eden space 90624K, 1% used [0x00000000f5580000,0x00000000f5734448,0x00000000fae00000)
  from space 1536K, 0% used [0x00000000faf80000,0x00000000faf80000,0x00000000fb100000)
  to   space 1536K, 0% used [0x00000000fae00000,0x00000000fae00000,0x00000000faf80000)
 ParOldGen       total 111616K, used 47125K [0x00000000e0000000, 0x00000000e6d00000, 0x00000000f5580000)
  object space 111616K, 42% used [0x00000000e0000000,0x00000000e2e05750,0x00000000e6d00000)
 Metaspace       used 90873K, capacity 98354K, committed 98520K, reserved 1134592K
  class space    used 10849K, capacity 13212K, committed 13272K, reserved 1048576K
Event: 6863.234 GC heap after
Heap after GC invocations=212 (full 99):
 PSYoungGen      total 92160K, used 160K [0x00000000f5580000, 0x00000000fb100000, 0x0000000100000000)
  eden space 90624K, 0% used [0x00000000f5580000,0x00000000f5580000,0x00000000fae00000)
  from space 1536K, 10% used [0x00000000fae00000,0x00000000fae28000,0x00000000faf80000)
  to   space 1536K, 0% used [0x00000000faf80000,0x00000000faf80000,0x00000000fb100000)
 ParOldGen       total 111616K, used 47125K [0x00000000e0000000, 0x00000000e6d00000, 0x00000000f5580000)
  object space 111616K, 42% used [0x00000000e0000000,0x00000000e2e05750,0x00000000e6d00000)
 Metaspace       used 90873K, capacity 98354K, committed 98520K, reserved 1134592K
  class space    used 10849K, capacity 13212K, committed 13272K, reserved 1048576K
}
Event: 6863.234 GC heap before
{Heap before GC invocations=213 (full 100):
 PSYoungGen      total 92160K, used 160K [0x00000000f5580000, 0x00000000fb100000, 0x0000000100000000)
  eden space 90624K, 0% used [0x00000000f5580000,0x00000000f5580000,0x00000000fae00000)
  from space 1536K, 10% used [0x00000000fae00000,0x00000000fae28000,0x00000000faf80000)
  to   space 1536K, 0% used [0x00000000faf80000,0x00000000faf80000,0x00000000fb100000)
 ParOldGen       total 111616K, used 47125K [0x00000000e0000000, 0x00000000e6d00000, 0x00000000f5580000)
  object space 111616K, 42% used [0x00000000e0000000,0x00000000e2e05750,0x00000000e6d00000)
 Metaspace       used 90873K, capacity 98354K, committed 98520K, reserved 1134592K
  class space    used 10849K, capacity 13212K, committed 13272K, reserved 1048576K
Event: 6863.370 GC heap after
Heap after GC invocations=213 (full 100):
 PSYoungGen      total 92160K, used 0K [0x00000000f5580000, 0x00000000fb100000, 0x0000000100000000)
  eden space 90624K, 0% used [0x00000000f5580000,0x00000000f5580000,0x00000000fae00000)
  from space 1536K, 0% used [0x00000000fae00000,0x00000000fae00000,0x00000000faf80000)
  to   space 1536K, 0% used [0x00000000faf80000,0x00000000faf80000,0x00000000fb100000)
 ParOldGen       total 111616K, used 47125K [0x00000000e0000000, 0x00000000e6d00000, 0x00000000f5580000)
  object space 111616K, 42% used [0x00000000e0000000,0x00000000e2e05750,0x00000000e6d00000)
 Metaspace       used 90873K, capacity 98354K, committed 98520K, reserved 1134592K
  class space    used 10849K, capacity 13212K, committed 13272K, reserved 1048576K
}
Event: 6923.228 GC heap before
{Heap before GC invocations=214 (full 100):
 PSYoungGen      total 92160K, used 7086K [0x00000000f5580000, 0x00000000fb100000, 0x0000000100000000)
  eden space 90624K, 7% used [0x00000000f5580000,0x00000000f5c6b9f8,0x00000000fae00000)
  from space 1536K, 0% used [0x00000000fae00000,0x00000000fae00000,0x00000000faf80000)
  to   space 1536K, 0% used [0x00000000faf80000,0x00000000faf80000,0x00000000fb100000)
 ParOldGen       total 111616K, used 47125K [0x00000000e0000000, 0x00000000e6d00000, 0x00000000f5580000)
  object space 111616K, 42% used [0x00000000e0000000,0x00000000e2e05750,0x00000000e6d00000)
 Metaspace       used 90881K, capacity 98354K, committed 98520K, reserved 1134592K
  class space    used 10849K, capacity 13212K, committed 13272K, reserved 1048576K
Event: 6923.235 GC heap after
Heap after GC invocations=214 (full 100):
 PSYoungGen      total 92160K, used 480K [0x00000000f5580000, 0x00000000fb100000, 0x0000000100000000)
  eden space 90624K, 0% used [0x00000000f5580000,0x00000000f5580000,0x00000000fae00000)
  from space 1536K, 31% used [0x00000000faf80000,0x00000000faff8000,0x00000000fb100000)
  to   space 1536K, 0% used [0x00000000fae00000,0x00000000fae00000,0x00000000faf80000)
 ParOldGen       total 111616K, used 47133K [0x00000000e0000000, 0x00000000e6d00000, 0x00000000f5580000)
  object space 111616K, 42% used [0x00000000e0000000,0x00000000e2e07750,0x00000000e6d00000)
 Metaspace       used 90881K, capacity 98354K, committed 98520K, reserved 1134592K
  class space    used 10849K, capacity 13212K, committed 13272K, reserved 1048576K
}
Event: 6923.236 GC heap before
{Heap before GC invocations=215 (full 101):
 PSYoungGen      total 92160K, used 480K [0x00000000f5580000, 0x00000000fb100000, 0x0000000100000000)
  eden space 90624K, 0% used [0x00000000f5580000,0x00000000f5580000,0x00000000fae00000)
  from space 1536K, 31% used [0x00000000faf80000,0x00000000faff8000,0x00000000fb100000)
  to   space 1536K, 0% used [0x00000000fae00000,0x00000000fae00000,0x00000000faf80000)
 ParOldGen       total 111616K, used 47133K [0x00000000e0000000, 0x00000000e6d00000, 0x00000000f5580000)
  object space 111616K, 42% used [0x00000000e0000000,0x00000000e2e07750,0x00000000e6d00000)
 Metaspace       used 90881K, capacity 98354K, committed 98520K, reserved 1134592K
  class space    used 10849K, capacity 13212K, committed 13272K, reserved 1048576K
Event: 6923.379 GC heap after
Heap after GC invocations=215 (full 101):
 PSYoungGen      total 92160K, used 0K [0x00000000f5580000, 0x00000000fb100000, 0x0000000100000000)
  eden space 90624K, 0% used [0x00000000f5580000,0x00000000f5580000,0x00000000fae00000)
  from space 1536K, 0% used [0x00000000faf80000,0x00000000faf80000,0x00000000fb100000)
  to   space 1536K, 0% used [0x00000000fae00000,0x00000000fae00000,0x00000000faf80000)
 ParOldGen       total 111616K, used 47272K [0x00000000e0000000, 0x00000000e6d00000, 0x00000000f5580000)
  object space 111616K, 42% used [0x00000000e0000000,0x00000000e2e2a2a8,0x00000000e6d00000)
 Metaspace       used 90881K, capacity 98354K, committed 98520K, reserved 1134592K
  class space    used 10849K, capacity 13212K, committed 13272K, reserved 1048576K
}

