# JRE version: Java(TM) SE Runtime Environment (8.0_66-b18) (build 1.8.0_66-b18)
# Java VM: Java HotSpot(TM) 64-Bit Server VM (25.66-b18 mixed mode windows-amd64 compressed oops)
Heap:
 PSYoungGen      total 144384K, used 41319K [0x00000000f5580000, 0x00000000ffe00000, 0x0000000100000000)
  eden space 115712K, 35% used [0x00000000f5580000,0x00000000f7dd9dc8,0x00000000fc680000)
  from space 28672K, 0% used [0x00000000fc680000,0x00000000fc680000,0x00000000fe280000)
  to   space 27648K, 0% used [0x00000000fe300000,0x00000000fe300000,0x00000000ffe00000)
 ParOldGen       total 108032K, used 46314K [0x00000000e0000000, 0x00000000e6980000, 0x00000000f5580000)
  object space 108032K, 42% used [0x00000000e0000000,0x00000000e2d3abc8,0x00000000e6980000)
 Metaspace       used 85003K, capacity 92366K, committed 92692K, reserved 1130496K
  class space    used 10234K, capacity 12517K, committed 12564K, reserved 1048576K
GC Heap History (10 events):
Event: 631.449 GC heap before
{Heap before GC invocations=32 (full 13):
 PSYoungGen      total 141824K, used 448K [0x00000000f5580000, 0x0000000100000000, 0x0000000100000000)
  eden space 110080K, 0% used [0x00000000f5580000,0x00000000f5580000,0x00000000fc100000)
  from space 31744K, 1% used [0x00000000fc100000,0x00000000fc170000,0x00000000fe000000)
  to   space 30208K, 0% used [0x00000000fe280000,0x00000000fe280000,0x0000000100000000)
 ParOldGen       total 108032K, used 45750K [0x00000000e0000000, 0x00000000e6980000, 0x00000000f5580000)
  object space 108032K, 42% used [0x00000000e0000000,0x00000000e2cad810,0x00000000e6980000)
 Metaspace       used 83313K, capacity 90644K, committed 90900K, reserved 1128448K
  class space    used 10030K, capacity 12248K, committed 12308K, reserved 1048576K
Event: 631.765 GC heap after
Heap after GC invocations=32 (full 13):
 PSYoungGen      total 141824K, used 0K [0x00000000f5580000, 0x0000000100000000, 0x0000000100000000)
  eden space 110080K, 0% used [0x00000000f5580000,0x00000000f5580000,0x00000000fc100000)
  from space 31744K, 0% used [0x00000000fc100000,0x00000000fc100000,0x00000000fe000000)
  to   space 30208K, 0% used [0x00000000fe280000,0x00000000fe280000,0x0000000100000000)
 ParOldGen       total 108032K, used 45088K [0x00000000e0000000, 0x00000000e6980000, 0x00000000f5580000)
  object space 108032K, 41% used [0x00000000e0000000,0x00000000e2c08008,0x00000000e6980000)
 Metaspace       used 83313K, capacity 90644K, committed 90900K, reserved 1128448K
  class space    used 10030K, capacity 12248K, committed 12308K, reserved 1048576K
}
Event: 691.445 GC heap before
{Heap before GC invocations=33 (full 13):
 PSYoungGen      total 141824K, used 23648K [0x00000000f5580000, 0x0000000100000000, 0x0000000100000000)
  eden space 110080K, 21% used [0x00000000f5580000,0x00000000f6c980a8,0x00000000fc100000)
  from space 31744K, 0% used [0x00000000fc100000,0x00000000fc100000,0x00000000fe000000)
  to   space 30208K, 0% used [0x00000000fe280000,0x00000000fe280000,0x0000000100000000)
 ParOldGen       total 108032K, used 45088K [0x00000000e0000000, 0x00000000e6980000, 0x00000000f5580000)
  object space 108032K, 41% used [0x00000000e0000000,0x00000000e2c08008,0x00000000e6980000)
 Metaspace       used 83979K, capacity 91390K, committed 91796K, reserved 1128448K
  class space    used 10119K, capacity 12323K, committed 12436K, reserved 1048576K
Event: 691.455 GC heap after
Heap after GC invocations=33 (full 13):
 PSYoungGen      total 145920K, used 1998K [0x00000000f5580000, 0x0000000100000000, 0x0000000100000000)
  eden space 115712K, 0% used [0x00000000f5580000,0x00000000f5580000,0x00000000fc680000)
  from space 30208K, 6% used [0x00000000fe280000,0x00000000fe473ae0,0x0000000100000000)
  to   space 28672K, 0% used [0x00000000fc680000,0x00000000fc680000,0x00000000fe280000)
 ParOldGen       total 108032K, used 45088K [0x00000000e0000000, 0x00000000e6980000, 0x00000000f5580000)
  object space 108032K, 41% used [0x00000000e0000000,0x00000000e2c08008,0x00000000e6980000)
 Metaspace       used 83979K, capacity 91390K, committed 91796K, reserved 1128448K
  class space    used 10119K, capacity 12323K, committed 12436K, reserved 1048576K
}
Event: 691.455 GC heap before
{Heap before GC invocations=34 (full 14):
 PSYoungGen      total 145920K, used 1998K [0x00000000f5580000, 0x0000000100000000, 0x0000000100000000)
  eden space 115712K, 0% used [0x00000000f5580000,0x00000000f5580000,0x00000000fc680000)
  from space 30208K, 6% used [0x00000000fe280000,0x00000000fe473ae0,0x0000000100000000)
  to   space 28672K, 0% used [0x00000000fc680000,0x00000000fc680000,0x00000000fe280000)
 ParOldGen       total 108032K, used 45088K [0x00000000e0000000, 0x00000000e6980000, 0x00000000f5580000)
  object space 108032K, 41% used [0x00000000e0000000,0x00000000e2c08008,0x00000000e6980000)
 Metaspace       used 83979K, capacity 91390K, committed 91796K, reserved 1128448K
  class space    used 10119K, capacity 12323K, committed 12436K, reserved 1048576K
Event: 691.821 GC heap after
Heap after GC invocations=34 (full 14):
 PSYoungGen      total 145920K, used 0K [0x00000000f5580000, 0x0000000100000000, 0x0000000100000000)
  eden space 115712K, 0% used [0x00000000f5580000,0x00000000f5580000,0x00000000fc680000)
  from space 30208K, 0% used [0x00000000fe280000,0x00000000fe280000,0x0000000100000000)
  to   space 28672K, 0% used [0x00000000fc680000,0x00000000fc680000,0x00000000fe280000)
 ParOldGen       total 108032K, used 46743K [0x00000000e0000000, 0x00000000e6980000, 0x00000000f5580000)
  object space 108032K, 43% used [0x00000000e0000000,0x00000000e2da5ea0,0x00000000e6980000)
 Metaspace       used 83975K, capacity 91384K, committed 91796K, reserved 1128448K
  class space    used 10119K, capacity 12322K, committed 12436K, reserved 1048576K
}
Event: 751.457 GC heap before
{Heap before GC invocations=35 (full 14):
 PSYoungGen      total 145920K, used 3725K [0x00000000f5580000, 0x0000000100000000, 0x0000000100000000)
  eden space 115712K, 3% used [0x00000000f5580000,0x00000000f5923638,0x00000000fc680000)
  from space 30208K, 0% used [0x00000000fe280000,0x00000000fe280000,0x0000000100000000)
  to   space 28672K, 0% used [0x00000000fc680000,0x00000000fc680000,0x00000000fe280000)
 ParOldGen       total 108032K, used 46743K [0x00000000e0000000, 0x00000000e6980000, 0x00000000f5580000)
  object space 108032K, 43% used [0x00000000e0000000,0x00000000e2da5ea0,0x00000000e6980000)
 Metaspace       used 83987K, capacity 91384K, committed 91796K, reserved 1128448K
  class space    used 10119K, capacity 12322K, committed 12436K, reserved 1048576K
Event: 751.462 GC heap after
Heap after GC invocations=35 (full 14):
 PSYoungGen      total 144384K, used 192K [0x00000000f5580000, 0x00000000ffe00000, 0x0000000100000000)
  eden space 115712K, 0% used [0x00000000f5580000,0x00000000f5580000,0x00000000fc680000)
  from space 28672K, 0% used [0x00000000fc680000,0x00000000fc6b0000,0x00000000fe280000)
  to   space 27648K, 0% used [0x00000000fe300000,0x00000000fe300000,0x00000000ffe00000)
 ParOldGen       total 108032K, used 46751K [0x00000000e0000000, 0x00000000e6980000, 0x00000000f5580000)
  object space 108032K, 43% used [0x00000000e0000000,0x00000000e2da7ea0,0x00000000e6980000)
 Metaspace       used 83987K, capacity 91384K, committed 91796K, reserved 1128448K
  class space    used 10119K, capacity 12322K, committed 12436K, reserved 1048576K
}
Event: 751.463 GC heap before
{Heap before GC invocations=36 (full 15):
 PSYoungGen      total 144384K, used 192K [0x00000000f5580000, 0x00000000ffe00000, 0x0000000100000000)
  eden space 115712K, 0% used [0x00000000f5580000,0x00000000f5580000,0x00000000fc680000)
  from space 28672K, 0% used [0x00000000fc680000,0x00000000fc6b0000,0x00000000fe280000)
  to   space 27648K, 0% used [0x00000000fe300000,0x00000000fe300000,0x00000000ffe00000)
 ParOldGen       total 108032K, used 46751K [0x00000000e0000000, 0x00000000e6980000, 0x00000000f5580000)
  object space 108032K, 43% used [0x00000000e0000000,0x00000000e2da7ea0,0x00000000e6980000)
 Metaspace       used 83987K, capacity 91384K, committed 91796K, reserved 1128448K
  class space    used 10119K, capacity 12322K, committed 12436K, reserved 1048576K
Event: 751.738 GC heap after
Heap after GC invocations=36 (full 15):
 PSYoungGen      total 144384K, used 0K [0x00000000f5580000, 0x00000000ffe00000, 0x0000000100000000)
  eden space 115712K, 0% used [0x00000000f5580000,0x00000000f5580000,0x00000000fc680000)
  from space 28672K, 0% used [0x00000000fc680000,0x00000000fc680000,0x00000000fe280000)
  to   space 27648K, 0% used [0x00000000fe300000,0x00000000fe300000,0x00000000ffe00000)
 ParOldGen       total 108032K, used 46314K [0x00000000e0000000, 0x00000000e6980000, 0x00000000f5580000)
  object space 108032K, 42% used [0x00000000e0000000,0x00000000e2d3abc8,0x00000000e6980000)
 Metaspace       used 83987K, capacity 91384K, committed 91796K, reserved 1128448K
  class space    used 10119K, capacity 12322K, committed 12436K, reserved 1048576K
}

